d:\chengxu\finaltestdatastruct\search\debug\vc142.pdb
d:\chengxu\finaltestdatastruct\search\debug\vc142.idb
d:\chengxu\finaltestdatastruct\search\debug\queue.obj
d:\chengxu\finaltestdatastruct\search\debug\graph.obj
d:\chengxu\finaltestdatastruct\search\debug\main.obj
d:\chengxu\finaltestdatastruct\search\debug\search.exe
d:\chengxu\finaltestdatastruct\search\debug\search.ilk
d:\chengxu\finaltestdatastruct\search\debug\search.pdb
d:\chengxu\finaltestdatastruct\graph\debug\graph.obj
d:\chengxu\finaltestdatastruct\graph\debug\main.obj
d:\chengxu\finaltestdatastruct\graph\debug\queue.obj
d:\chengxu\finaltestdatastruct\graph\debug\search.ilk
d:\chengxu\finaltestdatastruct\graph\debug\vc142.idb
d:\chengxu\finaltestdatastruct\graph\debug\search.pdb
d:\chengxu\finaltestdatastruct\graph\debug\vc142.pdb
d:\chengxu\finaltestdatastruct\graph\debug\search.exe
d:\chengxu\finaltestdatastruct\graph\debug\search.tlog\cl.command.1.tlog
d:\chengxu\finaltestdatastruct\graph\debug\search.tlog\cl.read.1.tlog
d:\chengxu\finaltestdatastruct\graph\debug\search.tlog\cl.write.1.tlog
d:\chengxu\finaltestdatastruct\graph\debug\search.tlog\link.command.1.tlog
d:\chengxu\finaltestdatastruct\graph\debug\search.tlog\link.read.1.tlog
d:\chengxu\finaltestdatastruct\graph\debug\search.tlog\link.write.1.tlog
